<?xml version="1.0" encoding="UTF-8"?>
<testng-results skipped="0" failed="0" total="1" passed="1">
  <reporter-output>
  </reporter-output>
  <suite name="Suite" duration-ms="61" started-at="2017-01-16T17:52:16Z" finished-at="2017-01-16T17:52:16Z">
    <groups>
    </groups>
    <test name="Test" duration-ms="61" started-at="2017-01-16T17:52:16Z" finished-at="2017-01-16T17:52:16Z">
      <class name="com.orag.example.HelloTest">
        <test-method status="PASS" signature="start()[pri:0, instance:com.orag.example.HelloTest@7c16905e]" name="start" duration-ms="32" started-at="2017-01-16T23:22:16Z" finished-at="2017-01-16T23:22:16Z">
          <reporter-output>
          </reporter-output>
        </test-method> <!-- start -->
      </class> <!-- com.orag.example.HelloTest -->
    </test> <!-- Test -->
  </suite> <!-- Suite -->
</testng-results>
